2025-12-14 17:26:48,071 - INFO - Pipeline script started successfully. (Log initialized)
2025-12-14 17:30:30,707 - INFO - Pipeline script started successfully. (Log initialized)
2025-12-14 17:34:01,740 - INFO - Pipeline script started successfully. (Log initialized)
2025-12-14 17:34:01,740 - DEBUG - Added to sys.path: C:\Users\turkk\OneDrive\Attachments\Desktop\Cyber bulling Identifier
2025-12-14 17:34:02,048 - ERROR - FATAL CRASH: Django setup failed! Check settings.py imports. Error: No module named 'config.settings'
Traceback (most recent call last):
  File "C:\Users\turkk\OneDrive\Attachments\Desktop\Cyber bulling Identifier\service\main_task.py", line 36, in <module>
    django.setup()
    ~~~~~~~~~~~~^^
  File "C:\Users\turkk\AppData\Local\Python\pythoncore-3.14-64\Lib\site-packages\django\__init__.py", line 19, in setup
    configure_logging(settings.LOGGING_CONFIG, settings.LOGGING)
                      ^^^^^^^^^^^^^^^^^^^^^^^
  File "C:\Users\turkk\AppData\Local\Python\pythoncore-3.14-64\Lib\site-packages\django\conf\__init__.py", line 75, in __getattr__
    self._setup(name)
    ~~~~~~~~~~~^^^^^^
  File "C:\Users\turkk\AppData\Local\Python\pythoncore-3.14-64\Lib\site-packages\django\conf\__init__.py", line 62, in _setup
    self._wrapped = Settings(settings_module)
                    ~~~~~~~~^^^^^^^^^^^^^^^^^
  File "C:\Users\turkk\AppData\Local\Python\pythoncore-3.14-64\Lib\site-packages\django\conf\__init__.py", line 162, in __init__
    mod = importlib.import_module(self.SETTINGS_MODULE)
  File "C:\Users\turkk\AppData\Local\Python\pythoncore-3.14-64\Lib\importlib\__init__.py", line 88, in import_module
    return _bootstrap._gcd_import(name[level:], package, level)
           ~~~~~~~~~~~~~~~~~~~~~~^^^^^^^^^^^^^^^^^^^^^^^^^^^^^^
  File "<frozen importlib._bootstrap>", line 1398, in _gcd_import
  File "<frozen importlib._bootstrap>", line 1371, in _find_and_load
  File "<frozen importlib._bootstrap>", line 1335, in _find_and_load_unlocked
ModuleNotFoundError: No module named 'config.settings'
2025-12-14 17:38:34,828 - INFO - Pipeline script started successfully. (Log initialized)
2025-12-14 17:38:53,111 - INFO - Pipeline script started successfully. (Log initialized)
2025-12-14 17:41:29,144 - INFO - Pipeline script started successfully. (Log initialized)
2025-12-14 17:49:48,497 - INFO - Pipeline script started successfully.
2025-12-14 17:49:48,497 - DEBUG - Path added: C:\Users\turkk\OneDrive\Attachments\Desktop\Cyber bulling Identifier
2025-12-14 17:49:48,846 - CRITICAL - FATAL SETUP FAILURE: No module named 'config.settings'
Traceback (most recent call last):
  File "C:\Users\turkk\OneDrive\Attachments\Desktop\Cyber bulling Identifier\service\main_task.py", line 38, in <module>
    django.setup()
    ~~~~~~~~~~~~^^
  File "C:\Users\turkk\AppData\Local\Python\pythoncore-3.14-64\Lib\site-packages\django\__init__.py", line 19, in setup
    configure_logging(settings.LOGGING_CONFIG, settings.LOGGING)
                      ^^^^^^^^^^^^^^^^^^^^^^^
  File "C:\Users\turkk\AppData\Local\Python\pythoncore-3.14-64\Lib\site-packages\django\conf\__init__.py", line 75, in __getattr__
    self._setup(name)
    ~~~~~~~~~~~^^^^^^
  File "C:\Users\turkk\AppData\Local\Python\pythoncore-3.14-64\Lib\site-packages\django\conf\__init__.py", line 62, in _setup
    self._wrapped = Settings(settings_module)
                    ~~~~~~~~^^^^^^^^^^^^^^^^^
  File "C:\Users\turkk\AppData\Local\Python\pythoncore-3.14-64\Lib\site-packages\django\conf\__init__.py", line 162, in __init__
    mod = importlib.import_module(self.SETTINGS_MODULE)
  File "C:\Users\turkk\AppData\Local\Python\pythoncore-3.14-64\Lib\importlib\__init__.py", line 88, in import_module
    return _bootstrap._gcd_import(name[level:], package, level)
           ~~~~~~~~~~~~~~~~~~~~~~^^^^^^^^^^^^^^^^^^^^^^^^^^^^^^
  File "<frozen importlib._bootstrap>", line 1398, in _gcd_import
  File "<frozen importlib._bootstrap>", line 1371, in _find_and_load
  File "<frozen importlib._bootstrap>", line 1335, in _find_and_load_unlocked
ModuleNotFoundError: No module named 'config.settings'
2025-12-14 17:57:51,533 - INFO - Pipeline script started successfully.
2025-12-14 17:57:51,534 - DEBUG - Path added: C:\Users\turkk\OneDrive\Attachments\Desktop\Cyber bulling Identifier
2025-12-14 17:57:51,978 - CRITICAL - FATAL SETUP FAILURE: No module named 'config.settings'
Traceback (most recent call last):
  File "C:\Users\turkk\OneDrive\Attachments\Desktop\Cyber bulling Identifier\service\main_task.py", line 38, in <module>
    django.setup()
    ~~~~~~~~~~~~^^
  File "C:\Users\turkk\AppData\Local\Python\pythoncore-3.14-64\Lib\site-packages\django\__init__.py", line 19, in setup
    configure_logging(settings.LOGGING_CONFIG, settings.LOGGING)
                      ^^^^^^^^^^^^^^^^^^^^^^^
  File "C:\Users\turkk\AppData\Local\Python\pythoncore-3.14-64\Lib\site-packages\django\conf\__init__.py", line 75, in __getattr__
    self._setup(name)
    ~~~~~~~~~~~^^^^^^
  File "C:\Users\turkk\AppData\Local\Python\pythoncore-3.14-64\Lib\site-packages\django\conf\__init__.py", line 62, in _setup
    self._wrapped = Settings(settings_module)
                    ~~~~~~~~^^^^^^^^^^^^^^^^^
  File "C:\Users\turkk\AppData\Local\Python\pythoncore-3.14-64\Lib\site-packages\django\conf\__init__.py", line 162, in __init__
    mod = importlib.import_module(self.SETTINGS_MODULE)
  File "C:\Users\turkk\AppData\Local\Python\pythoncore-3.14-64\Lib\importlib\__init__.py", line 88, in import_module
    return _bootstrap._gcd_import(name[level:], package, level)
           ~~~~~~~~~~~~~~~~~~~~~~^^^^^^^^^^^^^^^^^^^^^^^^^^^^^^
  File "<frozen importlib._bootstrap>", line 1398, in _gcd_import
  File "<frozen importlib._bootstrap>", line 1371, in _find_and_load
  File "<frozen importlib._bootstrap>", line 1335, in _find_and_load_unlocked
ModuleNotFoundError: No module named 'config.settings'
2025-12-14 17:59:18,166 - INFO - Pipeline script started successfully.
2025-12-14 17:59:18,167 - DEBUG - Path added: C:\Users\turkk\OneDrive\Attachments\Desktop\Cyber bulling Identifier
2025-12-14 17:59:18,494 - CRITICAL - FATAL SETUP FAILURE: No module named 'config.settings'
Traceback (most recent call last):
  File "C:\Users\turkk\OneDrive\Attachments\Desktop\Cyber bulling Identifier\service\main_task.py", line 38, in <module>
    django.setup()
    ~~~~~~~~~~~~^^
  File "C:\Users\turkk\AppData\Local\Python\pythoncore-3.14-64\Lib\site-packages\django\__init__.py", line 19, in setup
    configure_logging(settings.LOGGING_CONFIG, settings.LOGGING)
                      ^^^^^^^^^^^^^^^^^^^^^^^
  File "C:\Users\turkk\AppData\Local\Python\pythoncore-3.14-64\Lib\site-packages\django\conf\__init__.py", line 75, in __getattr__
    self._setup(name)
    ~~~~~~~~~~~^^^^^^
  File "C:\Users\turkk\AppData\Local\Python\pythoncore-3.14-64\Lib\site-packages\django\conf\__init__.py", line 62, in _setup
    self._wrapped = Settings(settings_module)
                    ~~~~~~~~^^^^^^^^^^^^^^^^^
  File "C:\Users\turkk\AppData\Local\Python\pythoncore-3.14-64\Lib\site-packages\django\conf\__init__.py", line 162, in __init__
    mod = importlib.import_module(self.SETTINGS_MODULE)
  File "C:\Users\turkk\AppData\Local\Python\pythoncore-3.14-64\Lib\importlib\__init__.py", line 88, in import_module
    return _bootstrap._gcd_import(name[level:], package, level)
           ~~~~~~~~~~~~~~~~~~~~~~^^^^^^^^^^^^^^^^^^^^^^^^^^^^^^
  File "<frozen importlib._bootstrap>", line 1398, in _gcd_import
  File "<frozen importlib._bootstrap>", line 1371, in _find_and_load
  File "<frozen importlib._bootstrap>", line 1335, in _find_and_load_unlocked
ModuleNotFoundError: No module named 'config.settings'
2025-12-14 18:06:30,860 - INFO - Pipeline script started successfully.
2025-12-14 18:06:30,861 - DEBUG - Path added: C:\Users\turkk\OneDrive\Attachments\Desktop\Cyber bulling Identifier\config
2025-12-14 18:06:32,012 - INFO - Django environment successfully set up.
2025-12-14 18:06:35,572 - INFO - --- Starting Automated ML Task ---
2025-12-14 18:06:35,586 - INFO - Step 1: Fetching new data...
2025-12-14 18:06:35,598 - DEBUG - Starting new HTTPS connection (1): jsonplaceholder.typicode.com:443
2025-12-14 18:06:36,862 - DEBUG - https://jsonplaceholder.typicode.com:443 "GET /posts HTTP/1.1" 200 None
2025-12-14 18:06:36,873 - INFO - Successfully fetched 100 new records.
2025-12-14 18:06:36,881 - INFO - Step 1a: Reading master dataset...
2025-12-14 18:06:36,939 - INFO - Step 2: Preprocessing and identifying bullying and calculating counts...
2025-12-14 18:06:36,951 - INFO - Step 3: Saving updated master dataset...
2025-12-14 18:06:36,965 - INFO - Dataset saved. Total size: 2200 records.
2025-12-14 18:06:36,966 - INFO - Step 4: Retraining model...
2025-12-14 18:06:37,059 - INFO - Step 5: Publishing new model metrics to Django DB...
2025-12-14 18:06:37,096 - INFO - Successfully published metrics to Django database.
2025-12-14 18:06:37,098 - INFO - --- Automated ML Task Completed ---
2025-12-14 18:07:41,358 - INFO - Pipeline script started successfully.
2025-12-14 18:07:41,358 - DEBUG - Path added: C:\Users\turkk\OneDrive\Attachments\Desktop\Cyber bulling Identifier\config
2025-12-14 18:07:42,460 - INFO - Django environment successfully set up.
2025-12-14 18:07:46,254 - INFO - Pipeline script started successfully.
2025-12-14 18:07:46,255 - DEBUG - Path added: C:\Users\turkk\OneDrive\Attachments\Desktop\Cyber bulling Identifier\config
2025-12-14 18:07:48,685 - INFO - Pipeline script started successfully.
2025-12-14 18:07:48,686 - DEBUG - Path added: C:\Users\turkk\OneDrive\Attachments\Desktop\Cyber bulling Identifier\config
2025-12-14 18:07:48,754 - INFO - Django environment successfully set up.
2025-12-14 18:07:49,891 - INFO - Pipeline script started successfully.
2025-12-14 18:07:49,891 - DEBUG - Path added: C:\Users\turkk\OneDrive\Attachments\Desktop\Cyber bulling Identifier\config
2025-12-14 18:07:50,601 - INFO - Django environment successfully set up.
2025-12-14 18:07:52,336 - INFO - Django environment successfully set up.
2025-12-14 18:07:52,601 - INFO - Pipeline script started successfully.
2025-12-14 18:07:52,601 - DEBUG - Path added: C:\Users\turkk\OneDrive\Attachments\Desktop\Cyber bulling Identifier\config
2025-12-14 18:07:53,729 - INFO - Django environment successfully set up.
2025-12-14 18:08:10,878 - INFO - Pipeline script started successfully.
2025-12-14 18:08:10,879 - DEBUG - Path added: C:\Users\turkk\OneDrive\Attachments\Desktop\Cyber bulling Identifier\config
2025-12-14 18:08:11,864 - INFO - Django environment successfully set up.
2025-12-14 18:08:13,666 - INFO - --- Starting Automated ML Task ---
2025-12-14 18:08:13,666 - INFO - Step 1: Fetching new data...
2025-12-14 18:08:13,672 - DEBUG - Starting new HTTPS connection (1): jsonplaceholder.typicode.com:443
2025-12-14 18:08:14,669 - DEBUG - https://jsonplaceholder.typicode.com:443 "GET /posts HTTP/1.1" 200 None
2025-12-14 18:08:14,672 - INFO - Successfully fetched 100 new records.
2025-12-14 18:08:14,676 - INFO - Step 1a: Reading master dataset...
2025-12-14 18:08:14,709 - INFO - Step 2: Preprocessing and identifying bullying and calculating counts...
2025-12-14 18:08:14,717 - INFO - Step 3: Saving updated master dataset...
2025-12-14 18:08:14,729 - INFO - Dataset saved. Total size: 2300 records.
2025-12-14 18:08:14,733 - INFO - Step 4: Retraining model...
2025-12-14 18:08:14,818 - INFO - Step 5: Publishing new model metrics to Django DB...
2025-12-14 18:08:14,843 - INFO - Successfully published metrics to Django database.
2025-12-14 18:08:14,844 - INFO - --- Automated ML Task Completed ---
2025-12-14 18:08:30,787 - INFO - Pipeline script started successfully.
2025-12-14 18:08:30,788 - DEBUG - Path added: C:\Users\turkk\OneDrive\Attachments\Desktop\Cyber bulling Identifier\config
2025-12-14 18:08:31,751 - INFO - Django environment successfully set up.
2025-12-14 18:08:33,852 - INFO - --- Starting Automated ML Task ---
2025-12-14 18:08:33,852 - INFO - Step 1: Fetching new data...
2025-12-14 18:08:33,856 - DEBUG - Starting new HTTPS connection (1): jsonplaceholder.typicode.com:443
2025-12-14 18:08:34,823 - DEBUG - https://jsonplaceholder.typicode.com:443 "GET /posts HTTP/1.1" 200 None
2025-12-14 18:08:34,827 - INFO - Successfully fetched 100 new records.
2025-12-14 18:08:34,831 - INFO - Step 1a: Reading master dataset...
2025-12-14 18:08:34,889 - INFO - Step 2: Preprocessing and identifying bullying and calculating counts...
2025-12-14 18:08:34,893 - INFO - Step 3: Saving updated master dataset...
2025-12-14 18:08:34,901 - INFO - Dataset saved. Total size: 2400 records.
2025-12-14 18:08:34,902 - INFO - Step 4: Retraining model...
2025-12-14 18:08:34,970 - INFO - Step 5: Publishing new model metrics to Django DB...
2025-12-14 18:08:35,005 - INFO - Successfully published metrics to Django database.
2025-12-14 18:08:35,008 - INFO - --- Automated ML Task Completed ---
